2020-12-04 09:14:59,646 INFO  [org.jboss.modules] (main) JBoss Modules version 1.10.1.Final
2020-12-04 09:15:00,588 INFO  [org.jboss.msc] (main) JBoss MSC version 1.4.11.Final
2020-12-04 09:15:00,598 INFO  [org.jboss.threads] (main) JBoss Threads version 2.3.3.Final
2020-12-04 09:15:00,753 INFO  [org.jboss.as] (MSC service thread 1-1) WFLYSRV0049: Keycloak 11.0.3 (WildFly Core 12.0.3.Final) starting
2020-12-04 09:15:00,754 DEBUG [org.jboss.as.config] (MSC service thread 1-1) Configured system properties:
	[Standalone] = 
	awt.toolkit = sun.lwawt.macosx.LWCToolkit
	file.encoding = UTF-8
	file.separator = /
	gopherProxySet = false
	java.awt.graphicsenv = sun.awt.CGraphicsEnvironment
	java.awt.headless = true
	java.awt.printerjob = sun.lwawt.macosx.CPrinterJob
	java.class.path = /Users/danielfrey/Development/git/bryanneva/pivmart/keycloak/jboss-modules.jar
	java.class.version = 55.0
	java.home = /Library/Java/JavaVirtualMachines/adoptopenjdk-11.jdk/Contents/Home
	java.io.tmpdir = /var/folders/yf/s041tbgx3v19s5b1p_bxyv1m0000gn/T/
	java.library.path = /Users/danielfrey/Library/Java/Extensions:/Library/Java/Extensions:/Network/Library/Java/Extensions:/System/Library/Java/Extensions:/usr/lib/java:.
	java.net.preferIPv4Stack = true
	java.runtime.name = OpenJDK Runtime Environment
	java.runtime.version = 11.0.9+11
	java.specification.name = Java Platform API Specification
	java.specification.vendor = Oracle Corporation
	java.specification.version = 11
	java.util.logging.manager = org.jboss.logmanager.LogManager
	java.vendor = AdoptOpenJDK
	java.vendor.url = https://adoptopenjdk.net/
	java.vendor.url.bug = https://github.com/AdoptOpenJDK/openjdk-support/issues
	java.vendor.version = AdoptOpenJDK
	java.version = 11.0.9
	java.version.date = 2020-10-20
	java.vm.compressedOopsMode = Zero based
	java.vm.info = mixed mode
	java.vm.name = OpenJDK 64-Bit Server VM
	java.vm.specification.name = Java Virtual Machine Specification
	java.vm.specification.vendor = Oracle Corporation
	java.vm.specification.version = 11
	java.vm.vendor = AdoptOpenJDK
	java.vm.version = 11.0.9+11
	javax.management.builder.initial = org.jboss.as.jmx.PluggableMBeanServerBuilder
	jboss.home.dir = /Users/danielfrey/Development/git/bryanneva/pivmart/keycloak
	jboss.host.name = dfrey-a01
	jboss.modules.dir = /Users/danielfrey/Development/git/bryanneva/pivmart/keycloak/modules
	jboss.modules.system.pkgs = org.jboss.byteman
	jboss.node.name = dfrey-a01
	jboss.qualified.host.name = dfrey-a01.vmware.com
	jboss.server.base.dir = /Users/danielfrey/Development/git/bryanneva/pivmart/keycloak/standalone
	jboss.server.config.dir = /Users/danielfrey/Development/git/bryanneva/pivmart/keycloak/standalone/configuration
	jboss.server.data.dir = /Users/danielfrey/Development/git/bryanneva/pivmart/keycloak/standalone/data
	jboss.server.deploy.dir = /Users/danielfrey/Development/git/bryanneva/pivmart/keycloak/standalone/data/content
	jboss.server.log.dir = /Users/danielfrey/Development/git/bryanneva/pivmart/keycloak/standalone/log
	jboss.server.name = dfrey-a01
	jboss.server.persist.config = true
	jboss.server.temp.dir = /Users/danielfrey/Development/git/bryanneva/pivmart/keycloak/standalone/tmp
	jdk.debug = release
	line.separator = 

	logging.configuration = file:/Users/danielfrey/Development/git/bryanneva/pivmart/keycloak/standalone/configuration/logging.properties
	module.path = /Users/danielfrey/Development/git/bryanneva/pivmart/keycloak/modules
	org.jboss.boot.log.file = /Users/danielfrey/Development/git/bryanneva/pivmart/keycloak/standalone/log/server.log
	org.jboss.resolver.warning = true
	os.arch = x86_64
	os.name = Mac OS X
	os.version = 10.14.6
	path.separator = :
	sun.arch.data.model = 64
	sun.boot.library.path = /Library/Java/JavaVirtualMachines/adoptopenjdk-11.jdk/Contents/Home/lib
	sun.cpu.endian = little
	sun.cpu.isalist = 
	sun.io.unicode.encoding = UnicodeBig
	sun.java.command = /Users/danielfrey/Development/git/bryanneva/pivmart/keycloak/jboss-modules.jar -mp /Users/danielfrey/Development/git/bryanneva/pivmart/keycloak/modules org.jboss.as.standalone -Djboss.home.dir=/Users/danielfrey/Development/git/bryanneva/pivmart/keycloak -Djboss.server.base.dir=/Users/danielfrey/Development/git/bryanneva/pivmart/keycloak/standalone
	sun.java.launcher = SUN_STANDARD
	sun.jnu.encoding = UTF-8
	sun.management.compiler = HotSpot 64-Bit Tiered Compilers
	sun.os.patch.level = unknown
	user.country = US
	user.dir = /Users/danielfrey/Development/git/bryanneva/pivmart/keycloak/bin
	user.home = /Users/danielfrey
	user.language = en
	user.name = danielfrey
	user.timezone = America/New_York
2020-12-04 09:15:00,757 DEBUG [org.jboss.as.config] (MSC service thread 1-1) VM Arguments: -D[Standalone] -Xms64m -Xmx512m -XX:MetaspaceSize=96M -XX:MaxMetaspaceSize=256m -Djava.net.preferIPv4Stack=true -Djboss.modules.system.pkgs=org.jboss.byteman -Djava.awt.headless=true --add-exports=java.base/sun.nio.ch=ALL-UNNAMED --add-exports=jdk.unsupported/sun.misc=ALL-UNNAMED --add-exports=jdk.unsupported/sun.reflect=ALL-UNNAMED -Dorg.jboss.boot.log.file=/Users/danielfrey/Development/git/bryanneva/pivmart/keycloak/standalone/log/server.log -Dlogging.configuration=file:/Users/danielfrey/Development/git/bryanneva/pivmart/keycloak/standalone/configuration/logging.properties 
2020-12-04 09:15:01,551 INFO  [org.wildfly.security] (ServerService Thread Pool -- 20) ELY00001: WildFly Elytron version 1.12.1.Final
2020-12-04 09:15:02,409 INFO  [org.jboss.as.controller.management-deprecated] (Controller Boot Thread) WFLYCTL0028: Attribute 'security-realm' in the resource at address '/core-service=management/management-interface=http-interface' is deprecated, and may be removed in a future version. See the attribute description in the output of the read-resource-description operation to learn more about the deprecation.
2020-12-04 09:15:02,431 INFO  [org.jboss.as.controller.management-deprecated] (ServerService Thread Pool -- 13) WFLYCTL0028: Attribute 'security-realm' in the resource at address '/subsystem=undertow/server=default-server/https-listener=https' is deprecated, and may be removed in a future version. See the attribute description in the output of the read-resource-description operation to learn more about the deprecation.
2020-12-04 09:15:02,524 INFO  [org.jboss.as.server] (Controller Boot Thread) WFLYSRV0039: Creating http management service using socket-binding (management-http)
2020-12-04 09:15:02,544 INFO  [org.xnio] (MSC service thread 1-7) XNIO version 3.8.1.Final
2020-12-04 09:15:02,552 INFO  [org.xnio.nio] (MSC service thread 1-7) XNIO NIO Implementation Version 3.8.1.Final
2020-12-04 09:15:02,588 INFO  [org.jboss.as.clustering.infinispan] (ServerService Thread Pool -- 37) WFLYCLINF0001: Activating Infinispan subsystem.
2020-12-04 09:15:02,587 WARN  [org.jboss.as.txn] (ServerService Thread Pool -- 49) WFLYTX0013: The node-identifier attribute on the /subsystem=transactions is set to the default value. This is a danger for environments running multiple servers. Please make sure the attribute value is unique.
2020-12-04 09:15:02,587 INFO  [org.wildfly.extension.io] (ServerService Thread Pool -- 36) WFLYIO001: Worker 'default' has auto-configured to 24 IO threads with 192 max task threads based on your 12 available processors
2020-12-04 09:15:02,592 INFO  [org.jboss.as.naming] (ServerService Thread Pool -- 43) WFLYNAM0001: Activating Naming Subsystem
2020-12-04 09:15:02,592 INFO  [org.jboss.as.security] (ServerService Thread Pool -- 48) WFLYSEC0002: Activating Security Subsystem
2020-12-04 09:15:02,595 INFO  [org.wildfly.extension.microprofile.config.smallrye._private] (ServerService Thread Pool -- 51) WFLYCONF0001: Activating WildFly MicroProfile Config Subsystem
2020-12-04 09:15:02,598 INFO  [org.jboss.as.security] (MSC service thread 1-6) WFLYSEC0001: Current PicketBox version=5.0.3.Final-redhat-00005
2020-12-04 09:15:02,615 INFO  [org.wildfly.extension.microprofile.health.smallrye] (ServerService Thread Pool -- 52) WFLYHEALTH0001: Activating Eclipse MicroProfile Health Subsystem
2020-12-04 09:15:02,616 INFO  [org.wildfly.extension.microprofile.metrics.smallrye] (ServerService Thread Pool -- 53) WFLYMETRICS0001: Activating Eclipse MicroProfile Metrics Subsystem
2020-12-04 09:15:02,628 INFO  [org.jboss.as.connector] (MSC service thread 1-4) WFLYJCA0009: Starting JCA Subsystem (WildFly/IronJacamar 1.4.22.Final)
2020-12-04 09:15:02,638 INFO  [org.jboss.as.naming] (MSC service thread 1-3) WFLYNAM0003: Starting Naming Service
2020-12-04 09:15:02,642 INFO  [org.jboss.as.mail.extension] (MSC service thread 1-3) WFLYMAIL0001: Bound mail session [java:jboss/mail/Default]
2020-12-04 09:15:02,683 INFO  [org.wildfly.extension.undertow] (MSC service thread 1-2) WFLYUT0003: Undertow 2.1.3.Final starting
2020-12-04 09:15:02,687 INFO  [org.jboss.as.connector.subsystems.datasources] (ServerService Thread Pool -- 32) WFLYJCA0004: Deploying JDBC-compliant driver class org.h2.Driver (version 1.4)
2020-12-04 09:15:02,695 INFO  [org.jboss.remoting] (MSC service thread 1-3) JBoss Remoting version 5.0.18.Final
2020-12-04 09:15:02,706 WARN  [org.wildfly.clustering.web.undertow] (ServerService Thread Pool -- 54) WFLYCLWEBUT0007: No routing provider found for default-server; using legacy provider based on static configuration
2020-12-04 09:15:02,708 INFO  [org.jboss.as.connector.deployers.jdbc] (MSC service thread 1-2) WFLYJCA0018: Started Driver service with driver-name = h2
2020-12-04 09:15:02,749 INFO  [org.jboss.as.jaxrs] (ServerService Thread Pool -- 38) WFLYRS0016: RESTEasy version 3.12.1.Final
2020-12-04 09:15:02,768 INFO  [org.wildfly.extension.undertow] (ServerService Thread Pool -- 54) WFLYUT0014: Creating file handler for path '/Users/danielfrey/Development/git/bryanneva/pivmart/keycloak/welcome-content' with options [directory-listing: 'false', follow-symlink: 'false', case-sensitive: 'true', safe-symlink-paths: '[]']
2020-12-04 09:15:02,775 INFO  [org.wildfly.extension.undertow] (MSC service thread 1-2) WFLYUT0012: Started server default-server.
2020-12-04 09:15:02,778 INFO  [org.wildfly.extension.undertow] (MSC service thread 1-1) WFLYUT0018: Host default-host starting
2020-12-04 09:15:02,779 INFO  [org.jboss.as.ejb3] (MSC service thread 1-6) WFLYEJB0481: Strict pool slsb-strict-max-pool is using a max instance size of 192 (per class), which is derived from thread worker pool sizing.
2020-12-04 09:15:02,779 INFO  [org.jboss.as.ejb3] (MSC service thread 1-3) WFLYEJB0482: Strict pool mdb-strict-max-pool is using a max instance size of 48 (per class), which is derived from the number of CPUs on this host.
2020-12-04 09:15:02,867 INFO  [org.wildfly.extension.undertow] (MSC service thread 1-7) WFLYUT0006: Undertow HTTP listener default listening on 127.0.0.1:8080
2020-12-04 09:15:02,904 INFO  [org.jboss.as.ejb3] (MSC service thread 1-3) WFLYEJB0493: EJB subsystem suspension complete
2020-12-04 09:15:02,959 INFO  [org.jboss.as.connector.subsystems.datasources] (MSC service thread 1-7) WFLYJCA0001: Bound data source [java:jboss/datasources/ExampleDS]
2020-12-04 09:15:02,958 INFO  [org.jboss.as.connector.subsystems.datasources] (MSC service thread 1-3) WFLYJCA0001: Bound data source [java:jboss/datasources/KeycloakDS]
2020-12-04 09:15:03,326 INFO  [org.jboss.as.patching] (MSC service thread 1-7) WFLYPAT0050: Keycloak cumulative patch ID is: base, one-off patches include: none
2020-12-04 09:15:03,337 WARN  [org.jboss.as.domain.management.security] (MSC service thread 1-8) WFLYDM0111: Keystore /Users/danielfrey/Development/git/bryanneva/pivmart/keycloak/standalone/configuration/application.keystore not found, it will be auto generated on first use with a self signed certificate for host localhost
2020-12-04 09:15:03,343 INFO  [org.jboss.as.server.deployment.scanner] (MSC service thread 1-6) WFLYDS0013: Started FileSystemDeploymentService for directory /Users/danielfrey/Development/git/bryanneva/pivmart/keycloak/standalone/deployments
2020-12-04 09:15:03,352 INFO  [org.jboss.as.server.deployment] (MSC service thread 1-2) WFLYSRV0027: Starting deployment of "keycloak-server.war" (runtime-name: "keycloak-server.war")
2020-12-04 09:15:03,419 INFO  [org.wildfly.extension.undertow] (MSC service thread 1-6) WFLYUT0006: Undertow HTTPS listener https listening on 127.0.0.1:8443
2020-12-04 09:15:04,133 INFO  [org.infinispan.PERSISTENCE] (MSC service thread 1-3) ISPN000556: Starting user marshaller 'org.wildfly.clustering.infinispan.marshalling.jboss.JBossMarshaller'
2020-12-04 09:15:04,133 INFO  [org.infinispan.PERSISTENCE] (MSC service thread 1-8) ISPN000556: Starting user marshaller 'org.wildfly.clustering.infinispan.marshalling.jboss.JBossMarshaller'
2020-12-04 09:15:04,164 INFO  [org.infinispan.CONTAINER] (MSC service thread 1-8) ISPN000128: Infinispan version: Infinispan 'Turia' 10.1.8.Final
2020-12-04 09:15:04,362 INFO  [org.jboss.as.clustering.infinispan] (ServerService Thread Pool -- 62) WFLYCLINF0002: Started clientSessions cache from keycloak container
2020-12-04 09:15:04,363 INFO  [org.jboss.as.clustering.infinispan] (ServerService Thread Pool -- 60) WFLYCLINF0002: Started offlineClientSessions cache from keycloak container
2020-12-04 09:15:04,363 INFO  [org.jboss.as.clustering.infinispan] (ServerService Thread Pool -- 66) WFLYCLINF0002: Started offlineSessions cache from keycloak container
2020-12-04 09:15:04,363 INFO  [org.jboss.as.clustering.infinispan] (ServerService Thread Pool -- 67) WFLYCLINF0002: Started loginFailures cache from keycloak container
2020-12-04 09:15:04,362 INFO  [org.jboss.as.clustering.infinispan] (ServerService Thread Pool -- 61) WFLYCLINF0002: Started authenticationSessions cache from keycloak container
2020-12-04 09:15:04,362 INFO  [org.jboss.as.clustering.infinispan] (ServerService Thread Pool -- 68) WFLYCLINF0002: Started actionTokens cache from keycloak container
2020-12-04 09:15:04,362 INFO  [org.jboss.as.clustering.infinispan] (ServerService Thread Pool -- 57) WFLYCLINF0002: Started work cache from keycloak container
2020-12-04 09:15:04,362 INFO  [org.jboss.as.clustering.infinispan] (ServerService Thread Pool -- 59) WFLYCLINF0002: Started sessions cache from keycloak container
2020-12-04 09:15:04,368 INFO  [org.jboss.as.clustering.infinispan] (ServerService Thread Pool -- 56) WFLYCLINF0002: Started client-mappings cache from ejb container
2020-12-04 09:15:04,405 INFO  [org.jboss.as.clustering.infinispan] (ServerService Thread Pool -- 64) WFLYCLINF0002: Started users cache from keycloak container
2020-12-04 09:15:04,405 INFO  [org.jboss.as.clustering.infinispan] (ServerService Thread Pool -- 58) WFLYCLINF0002: Started realms cache from keycloak container
2020-12-04 09:15:04,405 INFO  [org.jboss.as.clustering.infinispan] (ServerService Thread Pool -- 65) WFLYCLINF0002: Started keys cache from keycloak container
2020-12-04 09:15:04,405 INFO  [org.jboss.as.clustering.infinispan] (ServerService Thread Pool -- 63) WFLYCLINF0002: Started authorization cache from keycloak container
2020-12-04 09:15:04,683 WARN  [org.jboss.as.server.deployment] (MSC service thread 1-7) WFLYSRV0273: Excluded subsystem webservices via jboss-deployment-structure.xml does not exist.
2020-12-04 09:15:05,420 INFO  [org.keycloak.services] (ServerService Thread Pool -- 56) KC-SERVICES0001: Loading config from standalone.xml or domain.xml
2020-12-04 09:15:05,787 INFO  [org.keycloak.url.DefaultHostnameProviderFactory] (ServerService Thread Pool -- 56) Frontend: <request>, Admin: <frontend>, Backend: <request>
2020-12-04 09:15:06,019 INFO  [org.jboss.as.clustering.infinispan] (ServerService Thread Pool -- 56) WFLYCLINF0002: Started realmRevisions cache from keycloak container
2020-12-04 09:15:06,021 INFO  [org.jboss.as.clustering.infinispan] (ServerService Thread Pool -- 56) WFLYCLINF0002: Started userRevisions cache from keycloak container
2020-12-04 09:15:06,025 INFO  [org.jboss.as.clustering.infinispan] (ServerService Thread Pool -- 56) WFLYCLINF0002: Started authorizationRevisions cache from keycloak container
2020-12-04 09:15:06,026 INFO  [org.keycloak.connections.infinispan.DefaultInfinispanConnectionProviderFactory] (ServerService Thread Pool -- 56) Node name: dfrey-a01, Site name: null
2020-12-04 09:15:08,940 INFO  [org.hibernate.jpa.internal.util.LogHelper] (ServerService Thread Pool -- 56) HHH000204: Processing PersistenceUnitInfo [
	name: keycloak-default
	...]
2020-12-04 09:15:09,026 INFO  [org.hibernate.Version] (ServerService Thread Pool -- 56) HHH000412: Hibernate Core {5.3.17.Final}
2020-12-04 09:15:09,029 INFO  [org.hibernate.cfg.Environment] (ServerService Thread Pool -- 56) HHH000206: hibernate.properties not found
2020-12-04 09:15:09,217 INFO  [org.hibernate.annotations.common.Version] (ServerService Thread Pool -- 56) HCANN000001: Hibernate Commons Annotations {5.0.5.Final}
2020-12-04 09:15:09,401 INFO  [org.hibernate.dialect.Dialect] (ServerService Thread Pool -- 56) HHH000400: Using dialect: org.hibernate.dialect.H2Dialect
2020-12-04 09:15:09,410 WARN  [org.hibernate.dialect.H2Dialect] (ServerService Thread Pool -- 56) HHH000431: Unable to determine H2 database version, certain features may not work
2020-12-04 09:15:09,457 INFO  [org.hibernate.envers.boot.internal.EnversServiceImpl] (ServerService Thread Pool -- 56) Envers integration enabled? : true
2020-12-04 09:15:09,980 INFO  [org.hibernate.orm.beans] (ServerService Thread Pool -- 56) HHH10005002: No explicit CDI BeanManager reference was passed to Hibernate, but CDI is available on the Hibernate ClassLoader.
2020-12-04 09:15:10,042 INFO  [org.hibernate.validator.internal.util.Version] (ServerService Thread Pool -- 56) HV000001: Hibernate Validator 6.0.20.Final
2020-12-04 09:15:11,242 INFO  [org.hibernate.hql.internal.QueryTranslatorFactoryInitiator] (ServerService Thread Pool -- 56) HHH000397: Using ASTQueryTranslatorFactory
2020-12-04 09:15:12,195 INFO  [org.jboss.resteasy.resteasy_jaxrs.i18n] (ServerService Thread Pool -- 56) RESTEASY002225: Deploying javax.ws.rs.core.Application: class org.keycloak.services.resources.KeycloakApplication
2020-12-04 09:15:12,196 INFO  [org.jboss.resteasy.resteasy_jaxrs.i18n] (ServerService Thread Pool -- 56) RESTEASY002205: Adding provider class org.keycloak.services.error.KeycloakErrorHandler from Application class org.keycloak.services.resources.KeycloakApplication
2020-12-04 09:15:12,198 INFO  [org.jboss.resteasy.resteasy_jaxrs.i18n] (ServerService Thread Pool -- 56) RESTEASY002205: Adding provider class org.keycloak.services.filters.KeycloakSecurityHeadersFilter from Application class org.keycloak.services.resources.KeycloakApplication
2020-12-04 09:15:12,199 INFO  [org.jboss.resteasy.resteasy_jaxrs.i18n] (ServerService Thread Pool -- 56) RESTEASY002200: Adding class resource org.keycloak.services.resources.ThemeResource from Application class org.keycloak.services.resources.KeycloakApplication
2020-12-04 09:15:12,199 INFO  [org.jboss.resteasy.resteasy_jaxrs.i18n] (ServerService Thread Pool -- 56) RESTEASY002200: Adding class resource org.keycloak.services.resources.JsResource from Application class org.keycloak.services.resources.KeycloakApplication
2020-12-04 09:15:12,199 INFO  [org.jboss.resteasy.resteasy_jaxrs.i18n] (ServerService Thread Pool -- 56) RESTEASY002220: Adding singleton resource org.keycloak.services.resources.admin.AdminRoot from Application class org.keycloak.services.resources.KeycloakApplication
2020-12-04 09:15:12,199 INFO  [org.jboss.resteasy.resteasy_jaxrs.i18n] (ServerService Thread Pool -- 56) RESTEASY002210: Adding provider singleton org.keycloak.services.util.ObjectMapperResolver from Application class org.keycloak.services.resources.KeycloakApplication
2020-12-04 09:15:12,200 INFO  [org.jboss.resteasy.resteasy_jaxrs.i18n] (ServerService Thread Pool -- 56) RESTEASY002220: Adding singleton resource org.keycloak.services.resources.RealmsResource from Application class org.keycloak.services.resources.KeycloakApplication
2020-12-04 09:15:12,201 INFO  [org.jboss.resteasy.resteasy_jaxrs.i18n] (ServerService Thread Pool -- 56) RESTEASY002220: Adding singleton resource org.keycloak.services.resources.WelcomeResource from Application class org.keycloak.services.resources.KeycloakApplication
2020-12-04 09:15:12,201 INFO  [org.jboss.resteasy.resteasy_jaxrs.i18n] (ServerService Thread Pool -- 56) RESTEASY002220: Adding singleton resource org.keycloak.services.resources.RobotsResource from Application class org.keycloak.services.resources.KeycloakApplication
2020-12-04 09:15:12,308 INFO  [org.wildfly.extension.undertow] (ServerService Thread Pool -- 56) WFLYUT0021: Registered web context: '/auth' for server 'default-server'
2020-12-04 09:15:12,375 INFO  [org.jboss.as.server] (ServerService Thread Pool -- 55) WFLYSRV0010: Deployed "keycloak-server.war" (runtime-name : "keycloak-server.war")
2020-12-04 09:15:12,440 INFO  [org.jboss.as.server] (Controller Boot Thread) WFLYSRV0212: Resuming server
2020-12-04 09:15:12,444 INFO  [org.jboss.as] (Controller Boot Thread) WFLYSRV0025: Keycloak 11.0.3 (WildFly Core 12.0.3.Final) started in 13449ms - Started 588 of 886 services (601 services are lazy, passive or on-demand)
2020-12-04 09:15:12,447 INFO  [org.jboss.as] (Controller Boot Thread) WFLYSRV0060: Http management interface listening on http://127.0.0.1:9990/management
2020-12-04 09:15:12,448 INFO  [org.jboss.as] (Controller Boot Thread) WFLYSRV0051: Admin console listening on http://127.0.0.1:9990
2020-12-04 09:18:12,537 WARN  [org.jboss.as.domain.management.security] (default I/O-3) WFLYDM0113: Generated self signed certificate at /Users/danielfrey/Development/git/bryanneva/pivmart/keycloak/standalone/configuration/application.keystore. Please note that self signed certificates are not secure, and should only be used for testing purposes. Do not use this self signed certificate in production.
SHA-1 fingerprint of the generated key is 89:07:1c:29:1c:11:b3:ec:3e:81:b8:23:11:dd:d7:ca:25:f5:97:dc
SHA-256 fingerprint of the generated key is ac:5b:91:e5:9a:82:ba:84:02:88:60:50:d2:6d:bb:6e:0a:63:34:d7:c8:e0:6c:f7:27:c9:01:52:e8:25:d9:63
2020-12-04 09:19:07,193 INFO  [org.jboss.as.server] (Thread-1) WFLYSRV0272: Suspending server
2020-12-04 09:19:07,196 INFO  [org.jboss.as.ejb3] (Thread-1) WFLYEJB0493: EJB subsystem suspension complete
2020-12-04 09:19:07,198 INFO  [org.jboss.as.server] (Thread-1) WFLYSRV0220: Server shutdown has been requested via an OS signal
2020-12-04 09:19:07,213 INFO  [org.jboss.as.connector.subsystems.datasources] (MSC service thread 1-2) WFLYJCA0010: Unbound data source [java:jboss/datasources/KeycloakDS]
2020-12-04 09:19:07,214 INFO  [org.jboss.as.mail.extension] (MSC service thread 1-2) WFLYMAIL0002: Unbound mail session [java:jboss/mail/Default]
2020-12-04 09:19:07,218 INFO  [org.wildfly.extension.undertow] (MSC service thread 1-4) WFLYUT0008: Undertow HTTPS listener https suspending
2020-12-04 09:19:07,218 INFO  [org.wildfly.extension.undertow] (MSC service thread 1-4) WFLYUT0007: Undertow HTTPS listener https stopped, was bound to 127.0.0.1:8443
2020-12-04 09:19:07,220 INFO  [org.wildfly.extension.undertow] (ServerService Thread Pool -- 56) WFLYUT0022: Unregistered web context: '/auth' from server 'default-server'
2020-12-04 09:19:07,233 INFO  [org.jboss.as.connector.subsystems.datasources] (MSC service thread 1-8) WFLYJCA0010: Unbound data source [java:jboss/datasources/ExampleDS]
2020-12-04 09:19:07,234 INFO  [org.jboss.as.connector.deployers.jdbc] (MSC service thread 1-5) WFLYJCA0019: Stopped Driver service with driver-name = h2
2020-12-04 09:19:07,235 INFO  [org.wildfly.extension.undertow] (MSC service thread 1-1) WFLYUT0019: Host default-host stopping
2020-12-04 09:19:07,239 INFO  [org.jboss.as.clustering.infinispan] (ServerService Thread Pool -- 72) WFLYCLINF0003: Stopped work cache from keycloak container
2020-12-04 09:19:07,239 INFO  [org.jboss.as.clustering.infinispan] (ServerService Thread Pool -- 76) WFLYCLINF0003: Stopped offlineSessions cache from keycloak container
2020-12-04 09:19:07,239 INFO  [org.jboss.as.clustering.infinispan] (ServerService Thread Pool -- 80) WFLYCLINF0003: Stopped authenticationSessions cache from keycloak container
2020-12-04 09:19:07,239 INFO  [org.jboss.as.clustering.infinispan] (ServerService Thread Pool -- 74) WFLYCLINF0003: Stopped clientSessions cache from keycloak container
2020-12-04 09:19:07,240 INFO  [org.jboss.as.clustering.infinispan] (ServerService Thread Pool -- 56) WFLYCLINF0003: Stopped authorization cache from keycloak container
2020-12-04 09:19:07,240 INFO  [org.jboss.as.clustering.infinispan] (ServerService Thread Pool -- 79) WFLYCLINF0003: Stopped loginFailures cache from keycloak container
2020-12-04 09:19:07,240 INFO  [org.jboss.as.clustering.infinispan] (ServerService Thread Pool -- 77) WFLYCLINF0003: Stopped keys cache from keycloak container
2020-12-04 09:19:07,239 INFO  [org.jboss.as.clustering.infinispan] (ServerService Thread Pool -- 73) WFLYCLINF0003: Stopped actionTokens cache from keycloak container
2020-12-04 09:19:07,239 INFO  [org.jboss.as.clustering.infinispan] (ServerService Thread Pool -- 81) WFLYCLINF0003: Stopped offlineClientSessions cache from keycloak container
2020-12-04 09:19:07,240 INFO  [org.jboss.as.clustering.infinispan] (ServerService Thread Pool -- 82) WFLYCLINF0003: Stopped users cache from keycloak container
2020-12-04 09:19:07,239 INFO  [org.jboss.as.clustering.infinispan] (ServerService Thread Pool -- 75) WFLYCLINF0003: Stopped sessions cache from keycloak container
2020-12-04 09:19:07,244 INFO  [org.jboss.as.server.deployment] (MSC service thread 1-8) WFLYSRV0028: Stopped deployment keycloak-server.war (runtime-name: keycloak-server.war) in 43ms
2020-12-04 09:19:07,249 INFO  [org.wildfly.extension.undertow] (MSC service thread 1-1) WFLYUT0008: Undertow HTTP listener default suspending
2020-12-04 09:19:07,249 INFO  [org.jboss.as.clustering.infinispan] (ServerService Thread Pool -- 78) WFLYCLINF0003: Stopped realms cache from keycloak container
2020-12-04 09:19:07,249 INFO  [org.jboss.as.clustering.infinispan] (ServerService Thread Pool -- 71) WFLYCLINF0003: Stopped client-mappings cache from ejb container
2020-12-04 09:19:07,249 INFO  [org.wildfly.extension.undertow] (MSC service thread 1-1) WFLYUT0007: Undertow HTTP listener default stopped, was bound to 127.0.0.1:8080
2020-12-04 09:19:07,250 INFO  [org.infinispan.manager.DefaultCacheManager] (MSC service thread 1-8) Stopping cache manager null on null
2020-12-04 09:19:07,251 INFO  [org.infinispan.manager.DefaultCacheManager] (MSC service thread 1-2) Stopping cache manager null on null
2020-12-04 09:19:07,253 INFO  [org.wildfly.extension.undertow] (MSC service thread 1-6) WFLYUT0004: Undertow 2.1.3.Final stopping
2020-12-04 09:19:07,264 INFO  [org.jboss.as] (MSC service thread 1-3) WFLYSRV0050: Keycloak 11.0.3 (WildFly Core 12.0.3.Final) stopped in 63ms
2020-12-04 09:20:06,775 INFO  [org.jboss.modules] (main) JBoss Modules version 1.10.1.Final
2020-12-04 09:20:07,304 INFO  [org.jboss.msc] (main) JBoss MSC version 1.4.11.Final
2020-12-04 09:20:07,314 INFO  [org.jboss.threads] (main) JBoss Threads version 2.3.3.Final
2020-12-04 09:20:07,458 INFO  [org.jboss.as] (MSC service thread 1-2) WFLYSRV0049: Keycloak 11.0.3 (WildFly Core 12.0.3.Final) starting
2020-12-04 09:20:07,460 DEBUG [org.jboss.as.config] (MSC service thread 1-2) Configured system properties:
	[Standalone] = 
	awt.toolkit = sun.lwawt.macosx.LWCToolkit
	file.encoding = UTF-8
	file.separator = /
	gopherProxySet = false
	java.awt.graphicsenv = sun.awt.CGraphicsEnvironment
	java.awt.headless = true
	java.awt.printerjob = sun.lwawt.macosx.CPrinterJob
	java.class.path = /Users/danielfrey/Development/git/bryanneva/pivmart/keycloak/jboss-modules.jar
	java.class.version = 55.0
	java.home = /Library/Java/JavaVirtualMachines/adoptopenjdk-11.jdk/Contents/Home
	java.io.tmpdir = /var/folders/yf/s041tbgx3v19s5b1p_bxyv1m0000gn/T/
	java.library.path = /Users/danielfrey/Library/Java/Extensions:/Library/Java/Extensions:/Network/Library/Java/Extensions:/System/Library/Java/Extensions:/usr/lib/java:.
	java.net.preferIPv4Stack = true
	java.runtime.name = OpenJDK Runtime Environment
	java.runtime.version = 11.0.9+11
	java.specification.name = Java Platform API Specification
	java.specification.vendor = Oracle Corporation
	java.specification.version = 11
	java.util.logging.manager = org.jboss.logmanager.LogManager
	java.vendor = AdoptOpenJDK
	java.vendor.url = https://adoptopenjdk.net/
	java.vendor.url.bug = https://github.com/AdoptOpenJDK/openjdk-support/issues
	java.vendor.version = AdoptOpenJDK
	java.version = 11.0.9
	java.version.date = 2020-10-20
	java.vm.compressedOopsMode = Zero based
	java.vm.info = mixed mode
	java.vm.name = OpenJDK 64-Bit Server VM
	java.vm.specification.name = Java Virtual Machine Specification
	java.vm.specification.vendor = Oracle Corporation
	java.vm.specification.version = 11
	java.vm.vendor = AdoptOpenJDK
	java.vm.version = 11.0.9+11
	javax.management.builder.initial = org.jboss.as.jmx.PluggableMBeanServerBuilder
	jboss.home.dir = /Users/danielfrey/Development/git/bryanneva/pivmart/keycloak
	jboss.host.name = dfrey-a01
	jboss.modules.dir = /Users/danielfrey/Development/git/bryanneva/pivmart/keycloak/modules
	jboss.modules.system.pkgs = org.jboss.byteman
	jboss.node.name = dfrey-a01
	jboss.qualified.host.name = dfrey-a01.vmware.com
	jboss.server.base.dir = /Users/danielfrey/Development/git/bryanneva/pivmart/keycloak/standalone
	jboss.server.config.dir = /Users/danielfrey/Development/git/bryanneva/pivmart/keycloak/standalone/configuration
	jboss.server.data.dir = /Users/danielfrey/Development/git/bryanneva/pivmart/keycloak/standalone/data
	jboss.server.deploy.dir = /Users/danielfrey/Development/git/bryanneva/pivmart/keycloak/standalone/data/content
	jboss.server.log.dir = /Users/danielfrey/Development/git/bryanneva/pivmart/keycloak/standalone/log
	jboss.server.name = dfrey-a01
	jboss.server.persist.config = true
	jboss.server.temp.dir = /Users/danielfrey/Development/git/bryanneva/pivmart/keycloak/standalone/tmp
	jdk.debug = release
	line.separator = 

	logging.configuration = file:/Users/danielfrey/Development/git/bryanneva/pivmart/keycloak/standalone/configuration/logging.properties
	module.path = /Users/danielfrey/Development/git/bryanneva/pivmart/keycloak/modules
	org.jboss.boot.log.file = /Users/danielfrey/Development/git/bryanneva/pivmart/keycloak/standalone/log/server.log
	org.jboss.resolver.warning = true
	os.arch = x86_64
	os.name = Mac OS X
	os.version = 10.14.6
	path.separator = :
	sun.arch.data.model = 64
	sun.boot.library.path = /Library/Java/JavaVirtualMachines/adoptopenjdk-11.jdk/Contents/Home/lib
	sun.cpu.endian = little
	sun.cpu.isalist = 
	sun.io.unicode.encoding = UnicodeBig
	sun.java.command = /Users/danielfrey/Development/git/bryanneva/pivmart/keycloak/jboss-modules.jar -mp /Users/danielfrey/Development/git/bryanneva/pivmart/keycloak/modules org.jboss.as.standalone -Djboss.home.dir=/Users/danielfrey/Development/git/bryanneva/pivmart/keycloak -Djboss.server.base.dir=/Users/danielfrey/Development/git/bryanneva/pivmart/keycloak/standalone
	sun.java.launcher = SUN_STANDARD
	sun.jnu.encoding = UTF-8
	sun.management.compiler = HotSpot 64-Bit Tiered Compilers
	sun.os.patch.level = unknown
	user.country = US
	user.dir = /Users/danielfrey/Development/git/bryanneva/pivmart/keycloak/bin
	user.home = /Users/danielfrey
	user.language = en
	user.name = danielfrey
	user.timezone = America/New_York
2020-12-04 09:20:07,462 DEBUG [org.jboss.as.config] (MSC service thread 1-2) VM Arguments: -D[Standalone] -Xms64m -Xmx512m -XX:MetaspaceSize=96M -XX:MaxMetaspaceSize=256m -Djava.net.preferIPv4Stack=true -Djboss.modules.system.pkgs=org.jboss.byteman -Djava.awt.headless=true --add-exports=java.base/sun.nio.ch=ALL-UNNAMED --add-exports=jdk.unsupported/sun.misc=ALL-UNNAMED --add-exports=jdk.unsupported/sun.reflect=ALL-UNNAMED -Dorg.jboss.boot.log.file=/Users/danielfrey/Development/git/bryanneva/pivmart/keycloak/standalone/log/server.log -Dlogging.configuration=file:/Users/danielfrey/Development/git/bryanneva/pivmart/keycloak/standalone/configuration/logging.properties 
2020-12-04 09:20:08,166 INFO  [org.wildfly.security] (ServerService Thread Pool -- 20) ELY00001: WildFly Elytron version 1.12.1.Final
2020-12-04 09:20:08,689 INFO  [org.jboss.as.controller.management-deprecated] (Controller Boot Thread) WFLYCTL0028: Attribute 'security-realm' in the resource at address '/core-service=management/management-interface=http-interface' is deprecated, and may be removed in a future version. See the attribute description in the output of the read-resource-description operation to learn more about the deprecation.
2020-12-04 09:20:08,719 INFO  [org.jboss.as.controller.management-deprecated] (ServerService Thread Pool -- 13) WFLYCTL0028: Attribute 'security-realm' in the resource at address '/subsystem=undertow/server=default-server/https-listener=https' is deprecated, and may be removed in a future version. See the attribute description in the output of the read-resource-description operation to learn more about the deprecation.
2020-12-04 09:20:08,813 INFO  [org.jboss.as.server] (Controller Boot Thread) WFLYSRV0039: Creating http management service using socket-binding (management-http)
2020-12-04 09:20:08,830 INFO  [org.xnio] (MSC service thread 1-3) XNIO version 3.8.1.Final
2020-12-04 09:20:08,837 INFO  [org.xnio.nio] (MSC service thread 1-3) XNIO NIO Implementation Version 3.8.1.Final
2020-12-04 09:20:08,863 INFO  [org.jboss.as.clustering.infinispan] (ServerService Thread Pool -- 37) WFLYCLINF0001: Activating Infinispan subsystem.
2020-12-04 09:20:08,872 INFO  [org.wildfly.extension.microprofile.config.smallrye._private] (ServerService Thread Pool -- 51) WFLYCONF0001: Activating WildFly MicroProfile Config Subsystem
2020-12-04 09:20:08,868 WARN  [org.jboss.as.txn] (ServerService Thread Pool -- 49) WFLYTX0013: The node-identifier attribute on the /subsystem=transactions is set to the default value. This is a danger for environments running multiple servers. Please make sure the attribute value is unique.
2020-12-04 09:20:08,875 INFO  [org.wildfly.extension.io] (ServerService Thread Pool -- 36) WFLYIO001: Worker 'default' has auto-configured to 24 IO threads with 192 max task threads based on your 12 available processors
2020-12-04 09:20:08,883 INFO  [org.wildfly.extension.microprofile.health.smallrye] (ServerService Thread Pool -- 52) WFLYHEALTH0001: Activating Eclipse MicroProfile Health Subsystem
2020-12-04 09:20:08,889 INFO  [org.jboss.as.security] (ServerService Thread Pool -- 48) WFLYSEC0002: Activating Security Subsystem
2020-12-04 09:20:08,889 INFO  [org.jboss.as.jaxrs] (ServerService Thread Pool -- 38) WFLYRS0016: RESTEasy version 3.12.1.Final
2020-12-04 09:20:08,893 INFO  [org.jboss.as.naming] (ServerService Thread Pool -- 43) WFLYNAM0001: Activating Naming Subsystem
2020-12-04 09:20:08,895 INFO  [org.wildfly.extension.microprofile.metrics.smallrye] (ServerService Thread Pool -- 53) WFLYMETRICS0001: Activating Eclipse MicroProfile Metrics Subsystem
2020-12-04 09:20:08,902 INFO  [org.jboss.as.security] (MSC service thread 1-6) WFLYSEC0001: Current PicketBox version=5.0.3.Final-redhat-00005
2020-12-04 09:20:08,908 INFO  [org.jboss.as.connector] (MSC service thread 1-8) WFLYJCA0009: Starting JCA Subsystem (WildFly/IronJacamar 1.4.22.Final)
2020-12-04 09:20:08,936 INFO  [org.wildfly.extension.undertow] (MSC service thread 1-6) WFLYUT0003: Undertow 2.1.3.Final starting
2020-12-04 09:20:08,940 INFO  [org.jboss.as.naming] (MSC service thread 1-5) WFLYNAM0003: Starting Naming Service
2020-12-04 09:20:08,928 INFO  [org.jboss.as.connector.subsystems.datasources] (ServerService Thread Pool -- 32) WFLYJCA0004: Deploying JDBC-compliant driver class org.h2.Driver (version 1.4)
2020-12-04 09:20:08,942 INFO  [org.jboss.as.mail.extension] (MSC service thread 1-1) WFLYMAIL0001: Bound mail session [java:jboss/mail/Default]
2020-12-04 09:20:08,949 INFO  [org.jboss.as.connector.deployers.jdbc] (MSC service thread 1-1) WFLYJCA0018: Started Driver service with driver-name = h2
2020-12-04 09:20:08,967 WARN  [org.wildfly.clustering.web.undertow] (ServerService Thread Pool -- 54) WFLYCLWEBUT0007: No routing provider found for default-server; using legacy provider based on static configuration
2020-12-04 09:20:08,968 INFO  [org.jboss.remoting] (MSC service thread 1-4) JBoss Remoting version 5.0.18.Final
2020-12-04 09:20:09,024 INFO  [org.wildfly.extension.undertow] (ServerService Thread Pool -- 54) WFLYUT0014: Creating file handler for path '/Users/danielfrey/Development/git/bryanneva/pivmart/keycloak/welcome-content' with options [directory-listing: 'false', follow-symlink: 'false', case-sensitive: 'true', safe-symlink-paths: '[]']
2020-12-04 09:20:09,033 INFO  [org.wildfly.extension.undertow] (MSC service thread 1-6) WFLYUT0012: Started server default-server.
2020-12-04 09:20:09,036 INFO  [org.wildfly.extension.undertow] (MSC service thread 1-6) WFLYUT0018: Host default-host starting
2020-12-04 09:20:09,062 INFO  [org.jboss.as.ejb3] (MSC service thread 1-2) WFLYEJB0481: Strict pool slsb-strict-max-pool is using a max instance size of 192 (per class), which is derived from thread worker pool sizing.
2020-12-04 09:20:09,062 INFO  [org.jboss.as.ejb3] (MSC service thread 1-4) WFLYEJB0482: Strict pool mdb-strict-max-pool is using a max instance size of 48 (per class), which is derived from the number of CPUs on this host.
2020-12-04 09:20:09,118 INFO  [org.wildfly.extension.undertow] (MSC service thread 1-1) WFLYUT0006: Undertow HTTP listener default listening on 127.0.0.1:8080
2020-12-04 09:20:09,177 INFO  [org.jboss.as.ejb3] (MSC service thread 1-1) WFLYEJB0493: EJB subsystem suspension complete
2020-12-04 09:20:09,240 INFO  [org.jboss.as.connector.subsystems.datasources] (MSC service thread 1-4) WFLYJCA0001: Bound data source [java:jboss/datasources/KeycloakDS]
2020-12-04 09:20:09,240 INFO  [org.jboss.as.connector.subsystems.datasources] (MSC service thread 1-1) WFLYJCA0001: Bound data source [java:jboss/datasources/ExampleDS]
2020-12-04 09:20:09,308 INFO  [org.jboss.as.patching] (MSC service thread 1-1) WFLYPAT0050: Keycloak cumulative patch ID is: base, one-off patches include: none
2020-12-04 09:20:09,329 INFO  [org.jboss.as.server.deployment.scanner] (MSC service thread 1-7) WFLYDS0013: Started FileSystemDeploymentService for directory /Users/danielfrey/Development/git/bryanneva/pivmart/keycloak/standalone/deployments
2020-12-04 09:20:09,340 INFO  [org.jboss.as.server.deployment] (MSC service thread 1-6) WFLYSRV0027: Starting deployment of "keycloak-server.war" (runtime-name: "keycloak-server.war")
2020-12-04 09:20:09,867 INFO  [org.wildfly.extension.undertow] (MSC service thread 1-1) WFLYUT0006: Undertow HTTPS listener https listening on 127.0.0.1:8443
2020-12-04 09:20:10,152 INFO  [org.infinispan.PERSISTENCE] (MSC service thread 1-8) ISPN000556: Starting user marshaller 'org.wildfly.clustering.infinispan.marshalling.jboss.JBossMarshaller'
2020-12-04 09:20:10,152 INFO  [org.infinispan.PERSISTENCE] (MSC service thread 1-6) ISPN000556: Starting user marshaller 'org.wildfly.clustering.infinispan.marshalling.jboss.JBossMarshaller'
2020-12-04 09:20:10,173 INFO  [org.infinispan.CONTAINER] (MSC service thread 1-6) ISPN000128: Infinispan version: Infinispan 'Turia' 10.1.8.Final
2020-12-04 09:20:10,393 INFO  [org.jboss.as.clustering.infinispan] (ServerService Thread Pool -- 56) WFLYCLINF0002: Started client-mappings cache from ejb container
2020-12-04 09:20:10,398 INFO  [org.jboss.as.clustering.infinispan] (ServerService Thread Pool -- 65) WFLYCLINF0002: Started offlineSessions cache from keycloak container
2020-12-04 09:20:10,398 INFO  [org.jboss.as.clustering.infinispan] (ServerService Thread Pool -- 60) WFLYCLINF0002: Started offlineClientSessions cache from keycloak container
2020-12-04 09:20:10,399 INFO  [org.jboss.as.clustering.infinispan] (ServerService Thread Pool -- 67) WFLYCLINF0002: Started sessions cache from keycloak container
2020-12-04 09:20:10,399 INFO  [org.jboss.as.clustering.infinispan] (ServerService Thread Pool -- 63) WFLYCLINF0002: Started clientSessions cache from keycloak container
2020-12-04 09:20:10,399 INFO  [org.jboss.as.clustering.infinispan] (ServerService Thread Pool -- 59) WFLYCLINF0002: Started actionTokens cache from keycloak container
2020-12-04 09:20:10,398 INFO  [org.jboss.as.clustering.infinispan] (ServerService Thread Pool -- 58) WFLYCLINF0002: Started work cache from keycloak container
2020-12-04 09:20:10,399 INFO  [org.jboss.as.clustering.infinispan] (ServerService Thread Pool -- 57) WFLYCLINF0002: Started authenticationSessions cache from keycloak container
2020-12-04 09:20:10,400 INFO  [org.jboss.as.clustering.infinispan] (ServerService Thread Pool -- 68) WFLYCLINF0002: Started loginFailures cache from keycloak container
2020-12-04 09:20:10,437 INFO  [org.jboss.as.clustering.infinispan] (ServerService Thread Pool -- 61) WFLYCLINF0002: Started realms cache from keycloak container
2020-12-04 09:20:10,437 INFO  [org.jboss.as.clustering.infinispan] (ServerService Thread Pool -- 66) WFLYCLINF0002: Started keys cache from keycloak container
2020-12-04 09:20:10,437 INFO  [org.jboss.as.clustering.infinispan] (ServerService Thread Pool -- 64) WFLYCLINF0002: Started authorization cache from keycloak container
2020-12-04 09:20:10,437 INFO  [org.jboss.as.clustering.infinispan] (ServerService Thread Pool -- 62) WFLYCLINF0002: Started users cache from keycloak container
2020-12-04 09:20:10,579 WARN  [org.jboss.as.server.deployment] (MSC service thread 1-3) WFLYSRV0273: Excluded subsystem webservices via jboss-deployment-structure.xml does not exist.
2020-12-04 09:20:11,265 INFO  [org.keycloak.services] (ServerService Thread Pool -- 62) KC-SERVICES0001: Loading config from standalone.xml or domain.xml
2020-12-04 09:20:11,761 INFO  [org.keycloak.url.DefaultHostnameProviderFactory] (ServerService Thread Pool -- 62) Frontend: <request>, Admin: <frontend>, Backend: <request>
2020-12-04 09:20:11,841 INFO  [org.jboss.as.clustering.infinispan] (ServerService Thread Pool -- 62) WFLYCLINF0002: Started realmRevisions cache from keycloak container
2020-12-04 09:20:11,844 INFO  [org.jboss.as.clustering.infinispan] (ServerService Thread Pool -- 62) WFLYCLINF0002: Started userRevisions cache from keycloak container
2020-12-04 09:20:11,847 INFO  [org.jboss.as.clustering.infinispan] (ServerService Thread Pool -- 62) WFLYCLINF0002: Started authorizationRevisions cache from keycloak container
2020-12-04 09:20:11,848 INFO  [org.keycloak.connections.infinispan.DefaultInfinispanConnectionProviderFactory] (ServerService Thread Pool -- 62) Node name: dfrey-a01, Site name: null
2020-12-04 09:20:14,441 INFO  [org.hibernate.jpa.internal.util.LogHelper] (ServerService Thread Pool -- 62) HHH000204: Processing PersistenceUnitInfo [
	name: keycloak-default
	...]
2020-12-04 09:20:14,533 INFO  [org.hibernate.Version] (ServerService Thread Pool -- 62) HHH000412: Hibernate Core {5.3.17.Final}
2020-12-04 09:20:14,535 INFO  [org.hibernate.cfg.Environment] (ServerService Thread Pool -- 62) HHH000206: hibernate.properties not found
2020-12-04 09:20:14,735 INFO  [org.hibernate.annotations.common.Version] (ServerService Thread Pool -- 62) HCANN000001: Hibernate Commons Annotations {5.0.5.Final}
2020-12-04 09:20:14,941 INFO  [org.hibernate.dialect.Dialect] (ServerService Thread Pool -- 62) HHH000400: Using dialect: org.hibernate.dialect.H2Dialect
2020-12-04 09:20:14,955 WARN  [org.hibernate.dialect.H2Dialect] (ServerService Thread Pool -- 62) HHH000431: Unable to determine H2 database version, certain features may not work
2020-12-04 09:20:15,002 INFO  [org.hibernate.envers.boot.internal.EnversServiceImpl] (ServerService Thread Pool -- 62) Envers integration enabled? : true
2020-12-04 09:20:15,526 INFO  [org.hibernate.orm.beans] (ServerService Thread Pool -- 62) HHH10005002: No explicit CDI BeanManager reference was passed to Hibernate, but CDI is available on the Hibernate ClassLoader.
2020-12-04 09:20:15,585 INFO  [org.hibernate.validator.internal.util.Version] (ServerService Thread Pool -- 62) HV000001: Hibernate Validator 6.0.20.Final
2020-12-04 09:20:16,769 INFO  [org.hibernate.hql.internal.QueryTranslatorFactoryInitiator] (ServerService Thread Pool -- 62) HHH000397: Using ASTQueryTranslatorFactory
2020-12-04 09:20:17,490 INFO  [org.jboss.resteasy.resteasy_jaxrs.i18n] (ServerService Thread Pool -- 62) RESTEASY002225: Deploying javax.ws.rs.core.Application: class org.keycloak.services.resources.KeycloakApplication
2020-12-04 09:20:17,492 INFO  [org.jboss.resteasy.resteasy_jaxrs.i18n] (ServerService Thread Pool -- 62) RESTEASY002200: Adding class resource org.keycloak.services.resources.ThemeResource from Application class org.keycloak.services.resources.KeycloakApplication
2020-12-04 09:20:17,492 INFO  [org.jboss.resteasy.resteasy_jaxrs.i18n] (ServerService Thread Pool -- 62) RESTEASY002205: Adding provider class org.keycloak.services.filters.KeycloakSecurityHeadersFilter from Application class org.keycloak.services.resources.KeycloakApplication
2020-12-04 09:20:17,493 INFO  [org.jboss.resteasy.resteasy_jaxrs.i18n] (ServerService Thread Pool -- 62) RESTEASY002200: Adding class resource org.keycloak.services.resources.JsResource from Application class org.keycloak.services.resources.KeycloakApplication
2020-12-04 09:20:17,493 INFO  [org.jboss.resteasy.resteasy_jaxrs.i18n] (ServerService Thread Pool -- 62) RESTEASY002205: Adding provider class org.keycloak.services.error.KeycloakErrorHandler from Application class org.keycloak.services.resources.KeycloakApplication
2020-12-04 09:20:17,493 INFO  [org.jboss.resteasy.resteasy_jaxrs.i18n] (ServerService Thread Pool -- 62) RESTEASY002220: Adding singleton resource org.keycloak.services.resources.RealmsResource from Application class org.keycloak.services.resources.KeycloakApplication
2020-12-04 09:20:17,493 INFO  [org.jboss.resteasy.resteasy_jaxrs.i18n] (ServerService Thread Pool -- 62) RESTEASY002220: Adding singleton resource org.keycloak.services.resources.admin.AdminRoot from Application class org.keycloak.services.resources.KeycloakApplication
2020-12-04 09:20:17,493 INFO  [org.jboss.resteasy.resteasy_jaxrs.i18n] (ServerService Thread Pool -- 62) RESTEASY002210: Adding provider singleton org.keycloak.services.util.ObjectMapperResolver from Application class org.keycloak.services.resources.KeycloakApplication
2020-12-04 09:20:17,493 INFO  [org.jboss.resteasy.resteasy_jaxrs.i18n] (ServerService Thread Pool -- 62) RESTEASY002220: Adding singleton resource org.keycloak.services.resources.RobotsResource from Application class org.keycloak.services.resources.KeycloakApplication
2020-12-04 09:20:17,493 INFO  [org.jboss.resteasy.resteasy_jaxrs.i18n] (ServerService Thread Pool -- 62) RESTEASY002220: Adding singleton resource org.keycloak.services.resources.WelcomeResource from Application class org.keycloak.services.resources.KeycloakApplication
2020-12-04 09:20:17,603 INFO  [org.wildfly.extension.undertow] (ServerService Thread Pool -- 62) WFLYUT0021: Registered web context: '/auth' for server 'default-server'
2020-12-04 09:20:17,670 INFO  [org.jboss.as.server] (ServerService Thread Pool -- 55) WFLYSRV0010: Deployed "keycloak-server.war" (runtime-name : "keycloak-server.war")
2020-12-04 09:20:17,727 INFO  [org.jboss.as.server] (Controller Boot Thread) WFLYSRV0212: Resuming server
2020-12-04 09:20:17,729 INFO  [org.jboss.as] (Controller Boot Thread) WFLYSRV0025: Keycloak 11.0.3 (WildFly Core 12.0.3.Final) started in 11403ms - Started 588 of 886 services (601 services are lazy, passive or on-demand)
2020-12-04 09:20:17,732 INFO  [org.jboss.as] (Controller Boot Thread) WFLYSRV0060: Http management interface listening on http://127.0.0.1:9990/management
2020-12-04 09:20:17,732 INFO  [org.jboss.as] (Controller Boot Thread) WFLYSRV0051: Admin console listening on http://127.0.0.1:9990
2020-12-04 09:20:43,079 WARN  [org.keycloak.events] (default task-2) type=LOGIN_ERROR, realmId=master, clientId=security-admin-console, userId=63c0dcfb-b861-4772-8362-79c64bd298e9, ipAddress=127.0.0.1, error=invalid_user_credentials, auth_method=openid-connect, auth_type=code, redirect_uri=http://localhost:8080/auth/admin/master/console/, code_id=dc2f2456-fe97-4559-a3b1-40b091b88f8b, username=admin, authSessionParentId=dc2f2456-fe97-4559-a3b1-40b091b88f8b, authSessionTabId=R6dK36cfxfw
